Построение начато 17.11.2016 14:34:41.
     1>Проект "I:\Progs\proge\longint\longint\longint.vcxproj" в узле 2 (целевые объекты build).
     1>InitializeBuildStatus:
         Создание "Debug\longint.unsuccessfulbuild", так как было задано "AlwaysCreate".
       ClCompile:
         F:\Microsoft VS\VC\bin\CL.exe /c /ZI /nologo /W3 /WX- /Od /Oy- /D WIN32 /D _DEBUG /D _CONSOLE /D _UNICODE /D UNICODE /Gm /EHsc /RTC1 /MDd /GS /fp:precise /Zc:wchar_t /Zc:forScope /Fo"Debug\\" /Fd"Debug\vc100.pdb" /Gd /TP /analyze- /errorReport:prompt longint.cpp
         longint.cpp
     1>i:\progs\proge\longint\longint\longint.cpp(49): warning C4018: <: несоответствие типов со знаком и без знака
     1>i:\progs\proge\longint\longint\longint.cpp(108): warning C4800: int: принудительно задано логическое значение "true" или "false" (предупреждение о производительности)
     1>i:\progs\proge\longint\longint\longint.cpp(154): warning C4018: <=: несоответствие типов со знаком и без знака
     1>i:\progs\proge\longint\longint\longint.cpp(249): warning C4018: <: несоответствие типов со знаком и без знака
     1>i:\progs\proge\longint\longint\longint.cpp(281): warning C4018: <: несоответствие типов со знаком и без знака
       ManifestResourceCompile:
         Для всех выходных данных обновления не требуется.
       Link:
         F:\Microsoft VS\VC\bin\link.exe /ERRORREPORT:PROMPT /OUT:"I:\Progs\proge\longint\Debug\longint.exe" /INCREMENTAL /NOLOGO kernel32.lib user32.lib gdi32.lib winspool.lib comdlg32.lib advapi32.lib shell32.lib ole32.lib oleaut32.lib uuid.lib odbc32.lib odbccp32.lib /MANIFEST /ManifestFile:"Debug\longint.exe.intermediate.manifest" /MANIFESTUAC:"level='asInvoker' uiAccess='false'" /DEBUG /PDB:"I:\Progs\proge\longint\Debug\longint.pdb" /SUBSYSTEM:CONSOLE /TLBID:1 /DYNAMICBASE /NXCOMPAT /IMPLIB:"I:\Progs\proge\longint\Debug\longint.lib" /MACHINE:X86 Debug\longint.exe.embed.manifest.res
         Debug\longint.obj
       Manifest:
         C:\Program Files (x86)\Microsoft SDKs\Windows\v7.0A\bin\mt.exe /nologo /verbose /out:"Debug\longint.exe.embed.manifest" /manifest Debug\longint.exe.intermediate.manifest
         Для всех выходных данных обновления не требуется.
       LinkEmbedManifest:
         Для всех выходных данных обновления не требуется.
         longint.vcxproj -> I:\Progs\proge\longint\Debug\longint.exe
       FinalizeBuildStatus:
         Файл "Debug\longint.unsuccessfulbuild" удаляется.
         Обращение к "Debug\longint.lastbuildstate".
     1>Построение проекта "I:\Progs\proge\longint\longint\longint.vcxproj" завершено (целевые объекты build).

Построение успешно завершено.

Затраченное время: 00:00:07.60
