Построение начато 17.11.2016 15:34:56.
     1>Проект "I:\Progs\proge\5_3\5_3\5_3.vcxproj" в узле 2 (целевые объекты build).
     1>InitializeBuildStatus:
         Создание "Debug\5_3.unsuccessfulbuild", так как было задано "AlwaysCreate".
       ClCompile:
         F:\Microsoft VS\VC\bin\CL.exe /c /ZI /nologo /W3 /WX- /Od /Oy- /D WIN32 /D _DEBUG /D _CONSOLE /D _UNICODE /D UNICODE /Gm /EHsc /RTC1 /MDd /GS /fp:precise /Zc:wchar_t /Zc:forScope /Fo"Debug\\" /Fd"Debug\vc100.pdb" /Gd /TP /analyze- /errorReport:prompt 5_3.cpp
         5_3.cpp
       ManifestResourceCompile:
         Для всех выходных данных обновления не требуется.
       Link:
         F:\Microsoft VS\VC\bin\link.exe /ERRORREPORT:PROMPT /OUT:"I:\Progs\proge\5_3\Debug\5_3.exe" /INCREMENTAL /NOLOGO kernel32.lib user32.lib gdi32.lib winspool.lib comdlg32.lib advapi32.lib shell32.lib ole32.lib oleaut32.lib uuid.lib odbc32.lib odbccp32.lib /MANIFEST /ManifestFile:"Debug\5_3.exe.intermediate.manifest" /MANIFESTUAC:"level='asInvoker' uiAccess='false'" /DEBUG /PDB:"I:\Progs\proge\5_3\Debug\5_3.pdb" /SUBSYSTEM:CONSOLE /TLBID:1 /DYNAMICBASE /NXCOMPAT /IMPLIB:"I:\Progs\proge\5_3\Debug\5_3.lib" /MACHINE:X86 Debug\5_3.exe.embed.manifest.res
         Debug\5_3.obj
       Manifest:
         C:\Program Files (x86)\Microsoft SDKs\Windows\v7.0A\bin\mt.exe /nologo /verbose /out:"Debug\5_3.exe.embed.manifest" /manifest Debug\5_3.exe.intermediate.manifest
         Для всех выходных данных обновления не требуется.
       LinkEmbedManifest:
         Для всех выходных данных обновления не требуется.
         5_3.vcxproj -> I:\Progs\proge\5_3\Debug\5_3.exe
       FinalizeBuildStatus:
         Файл "Debug\5_3.unsuccessfulbuild" удаляется.
         Обращение к "Debug\5_3.lastbuildstate".
     1>Построение проекта "I:\Progs\proge\5_3\5_3\5_3.vcxproj" завершено (целевые объекты build).

Построение успешно завершено.

Затраченное время: 00:00:02.54
