Построение начато 17.11.2016 18:17:31.
     1>Проект "I:\Progs\proge\SNAKE\SNAKE\SNAKE.vcxproj" в узле 2 (целевые объекты build).
     1>InitializeBuildStatus:
         Создание "Debug\SNAKE.unsuccessfulbuild", так как было задано "AlwaysCreate".
       ClCompile:
         F:\Microsoft VS\VC\bin\CL.exe /c /ZI /nologo /W3 /WX- /Od /Oy- /D WIN32 /D _DEBUG /D _WINDOWS /D _UNICODE /D UNICODE /Gm /EHsc /RTC1 /MDd /GS /fp:precise /Zc:wchar_t /Zc:forScope /Fo"Debug\\" /Fd"Debug\vc100.pdb" /Gd /TP /analyze- /errorReport:prompt main.cpp
         main.cpp
     1>i:\progs\proge\snake\snake\main.cpp(196): warning C4018: <: несоответствие типов со знаком и без знака
     1>i:\progs\proge\snake\snake\main.cpp(202): warning C4018: <: несоответствие типов со знаком и без знака
     1>i:\progs\proge\snake\snake\main.cpp(379): warning C4244: аргумент: преобразование "time_t" в "unsigned int", возможна потеря данных
       ResourceCompile:
         C:\Program Files (x86)\Microsoft SDKs\Windows\v7.0A\bin\rc.exe /D _UNICODE /D UNICODE /l"0x0409" /nologo /fo"Debug\SNAKE.res" SNAKE.rc 
       ManifestResourceCompile:
         Для всех выходных данных обновления не требуется.
       Link:
         F:\Microsoft VS\VC\bin\link.exe /ERRORREPORT:PROMPT /OUT:"I:\Progs\proge\SNAKE\Debug\SNAKE.exe" /INCREMENTAL /NOLOGO kernel32.lib user32.lib gdi32.lib winspool.lib comdlg32.lib advapi32.lib shell32.lib ole32.lib oleaut32.lib uuid.lib odbc32.lib odbccp32.lib /MANIFEST /ManifestFile:"Debug\SNAKE.exe.intermediate.manifest" /MANIFESTUAC:"level='asInvoker' uiAccess='false'" /DEBUG /PDB:"I:\Progs\proge\SNAKE\Debug\SNAKE.pdb" /SUBSYSTEM:WINDOWS /TLBID:1 /DYNAMICBASE /NXCOMPAT /IMPLIB:"I:\Progs\proge\SNAKE\Debug\SNAKE.lib" /MACHINE:X86 Debug\SNAKE.res
         Debug\SNAKE.exe.embed.manifest.res
         Debug\main.obj
       Manifest:
         C:\Program Files (x86)\Microsoft SDKs\Windows\v7.0A\bin\mt.exe /nologo /verbose /out:"Debug\SNAKE.exe.embed.manifest" /manifest Debug\SNAKE.exe.intermediate.manifest
         Для всех выходных данных обновления не требуется.
       LinkEmbedManifest:
         Для всех выходных данных обновления не требуется.
         SNAKE.vcxproj -> I:\Progs\proge\SNAKE\Debug\SNAKE.exe
       FinalizeBuildStatus:
         Файл "Debug\SNAKE.unsuccessfulbuild" удаляется.
         Обращение к "Debug\SNAKE.lastbuildstate".
     1>Построение проекта "I:\Progs\proge\SNAKE\SNAKE\SNAKE.vcxproj" завершено (целевые объекты build).

Построение успешно завершено.

Затраченное время: 00:00:03.51
