Построение начато 16.11.2016 18:23:38.
     1>Проект "I:\Progs\3SEM\LAB_1_WINAPI\LAB_1_WINAPI\LAB_1_WINAPI.vcxproj" в узле 2 (целевые объекты build).
     1>InitializeBuildStatus:
         Создание "Debug\LAB_1_WINAPI.unsuccessfulbuild", так как было задано "AlwaysCreate".
       ClCompile:
         F:\Microsoft VS\VC\bin\CL.exe /c /ZI /nologo /W3 /WX- /Od /Oy- /D WIN32 /D _DEBUG /D _WINDOWS /Gm /EHsc /RTC1 /MDd /GS /fp:precise /Zc:wchar_t /Zc:forScope /Fo"Debug\\" /Fd"Debug\vc100.pdb" /Gd /TP /analyze- /errorReport:prompt main.cpp
         main.cpp
     1>i:\progs\3sem\lab_1_winapi\lab_1_winapi\main.cpp(72): warning C4715: Kset::insert: значение возвращается не при всех путях выполнения
       ResourceCompile:
         Для всех выходных данных обновления не требуется.
       ManifestResourceCompile:
         Для всех выходных данных обновления не требуется.
       Link:
         F:\Microsoft VS\VC\bin\link.exe /ERRORREPORT:PROMPT /OUT:"I:\Progs\3SEM\LAB_1_WINAPI\Debug\LAB_1_WINAPI.exe" /INCREMENTAL /NOLOGO kernel32.lib user32.lib gdi32.lib winspool.lib comdlg32.lib advapi32.lib shell32.lib ole32.lib oleaut32.lib uuid.lib odbc32.lib odbccp32.lib /MANIFEST /ManifestFile:"Debug\LAB_1_WINAPI.exe.intermediate.manifest" /MANIFESTUAC:"level='asInvoker' uiAccess='false'" /DEBUG /PDB:"I:\Progs\3SEM\LAB_1_WINAPI\Debug\LAB_1_WINAPI.pdb" /SUBSYSTEM:WINDOWS /TLBID:1 /DYNAMICBASE /NXCOMPAT /IMPLIB:"I:\Progs\3SEM\LAB_1_WINAPI\Debug\LAB_1_WINAPI.lib" /MACHINE:X86 Debug\LAB_1_WINAPI.res
         Debug\LAB_1_WINAPI.exe.embed.manifest.res
         Debug\main.obj
       Manifest:
         C:\Program Files (x86)\Microsoft SDKs\Windows\v7.0A\bin\mt.exe /nologo /verbose /out:"Debug\LAB_1_WINAPI.exe.embed.manifest" /manifest Debug\LAB_1_WINAPI.exe.intermediate.manifest
         Для всех выходных данных обновления не требуется.
       LinkEmbedManifest:
         Для всех выходных данных обновления не требуется.
         LAB_1_WINAPI.vcxproj -> I:\Progs\3SEM\LAB_1_WINAPI\Debug\LAB_1_WINAPI.exe
       FinalizeBuildStatus:
         Файл "Debug\LAB_1_WINAPI.unsuccessfulbuild" удаляется.
         Обращение к "Debug\LAB_1_WINAPI.lastbuildstate".
     1>Построение проекта "I:\Progs\3SEM\LAB_1_WINAPI\LAB_1_WINAPI\LAB_1_WINAPI.vcxproj" завершено (целевые объекты build).

Построение успешно завершено.

Затраченное время: 00:00:03.61
